<?xml version="1.0" encoding="UTF-8"?>
<!-- Generated by org.testng.reporters.JUnitXMLReporter -->
<testsuite ignored="0" hostname="ASY-WIN10-74" failures="0" tests="2" name="Complete test run" time="22.512" errors="0" timestamp="2021-04-23T16:34:01 NZST">
  <testcase classname="io.cucumber.testng.AbstractTestNGCucumberTests" name="runScenario" time="10.941"/>
  <testcase classname="io.cucumber.testng.AbstractTestNGCucumberTests" name="runScenario" time="9.213"/>
</testsuite> <!-- Complete test run -->
